0 info it worked if it ends with ok
1 verbose cli [ '/usr/local/bin/node', '/usr/local/bin/npm', 'run', 'dev2' ]
2 info using npm@3.10.7
3 info using node@v4.5.0
4 verbose run-script [ 'predev2', 'dev2', 'postdev2' ]
5 info lifecycle erp-app@1.0.0~predev2: erp-app@1.0.0
6 silly lifecycle erp-app@1.0.0~predev2: no script for predev2, continuing
7 info lifecycle erp-app@1.0.0~dev2: erp-app@1.0.0
8 verbose lifecycle erp-app@1.0.0~dev2: unsafe-perm in lifecycle true
9 verbose lifecycle erp-app@1.0.0~dev2: PATH: /usr/local/lib/node_modules/npm/bin/node-gyp-bin:/usr/local/var/www/typescript-webpack-react-antd/node_modules/.bin:/usr/local/bin:/usr/bin:/bin:/usr/sbin:/sbin
10 verbose lifecycle erp-app@1.0.0~dev2: CWD: /usr/local/var/www/typescript-webpack-react-antd
11 silly lifecycle erp-app@1.0.0~dev2: Args: [ '-c', 'webpack-dev-server --inline --hot --quiet' ]
12 silly lifecycle erp-app@1.0.0~dev2: Returned: code: 1  signal: null
13 info lifecycle erp-app@1.0.0~dev2: Failed to exec dev2 script
14 verbose stack Error: erp-app@1.0.0 dev2: `webpack-dev-server --inline --hot --quiet`
14 verbose stack Exit status 1
14 verbose stack     at EventEmitter.<anonymous> (/usr/local/lib/node_modules/npm/lib/utils/lifecycle.js:255:16)
14 verbose stack     at emitTwo (events.js:87:13)
14 verbose stack     at EventEmitter.emit (events.js:172:7)
14 verbose stack     at ChildProcess.<anonymous> (/usr/local/lib/node_modules/npm/lib/utils/spawn.js:40:14)
14 verbose stack     at emitTwo (events.js:87:13)
14 verbose stack     at ChildProcess.emit (events.js:172:7)
14 verbose stack     at maybeClose (internal/child_process.js:829:16)
14 verbose stack     at Process.ChildProcess._handle.onexit (internal/child_process.js:211:5)
15 verbose pkgid erp-app@1.0.0
16 verbose cwd /usr/local/var/www/typescript-webpack-react-antd
17 error Darwin 15.5.0
18 error argv "/usr/local/bin/node" "/usr/local/bin/npm" "run" "dev2"
19 error node v4.5.0
20 error npm  v3.10.7
21 error code ELIFECYCLE
22 error erp-app@1.0.0 dev2: `webpack-dev-server --inline --hot --quiet`
22 error Exit status 1
23 error Failed at the erp-app@1.0.0 dev2 script 'webpack-dev-server --inline --hot --quiet'.
23 error Make sure you have the latest version of node.js and npm installed.
23 error If you do, this is most likely a problem with the erp-app package,
23 error not with npm itself.
23 error Tell the author that this fails on your system:
23 error     webpack-dev-server --inline --hot --quiet
23 error You can get information on how to open an issue for this project with:
23 error     npm bugs erp-app
23 error Or if that isn't available, you can get their info via:
23 error     npm owner ls erp-app
23 error There is likely additional logging output above.
24 verbose exit [ 1, true ]
